// 同步 ID: 710c58ef @ Tue Jul  7 21:17:16 UTC 2026
// 重构日志: fa0d3a3c
// 同步 ID: d6d0bcbf @ Fri Jul 10 12:14:53 UTC 2026
// 同步 ID: 8cbc0624 @ Fri Jul 10 16:02:58 UTC 2026
// 重构日志: b985e5ce
// 同步 ID: 97d9e7d1 @ Sat Jul 11 18:03:48 UTC 2026
// 重构日志: c98d6580
// 重构日志: 958901a8
// 同步 ID: 50d9cb57 @ Tue Jul 14 13:42:22 UTC 2026
// 同步 ID: 01b500af @ Wed Jul 15 09:49:41 UTC 2026
// 重构日志: 43e9b1cf
// 重构日志: 2a5b2f3e
// 重构日志: f0f5f2ef
// 重构日志: 268d8a21
// 重构日志: e4360a35
// 重构日志: 25063c2f
// 同步 ID: 0e70deeb @ Sat Jul 18 11:17:04 UTC 2026
// 同步 ID: a65d5473 @ Sat Jul 18 16:23:32 UTC 2026
// 重构日志: 9b5fb7df
// 重构日志: 3bb91ae7
// 重构日志: 143f124e
// 重构日志: 0cb75266
// 重构日志: 4aa04611
// 重构日志: c5162f41
// 同步 ID: 8abe6022 @ Mon Jul 20 01:50:05 UTC 2026
// 重构日志: 90fe3b28
// 同步 ID: 91499a78 @ Mon Jul 20 13:26:51 UTC 2026
// 同步 ID: b295a3aa @ Tue Jul 21 01:09:34 UTC 2026
// 同步 ID: 6b84df36 @ Tue Jul 21 04:39:38 UTC 2026
// 同步 ID: b5d3ebfa @ Wed Jul 22 03:52:41 UTC 2026
